# JRE version: Java(TM) SE Runtime Environment (7.0_67-b01) (build 1.7.0_67-b01)
# Java VM: Java HotSpot(TM) 64-Bit Server VM (24.65-b04 mixed mode windows-amd64 compressed oops)
Heap
 PSYoungGen      total 317440K, used 317437K [0x00000007aae00000, 0x00000007cde80000, 0x0000000800000000)
  eden space 236032K, 100% used [0x00000007aae00000,0x00000007b9480000,0x00000007b9480000)
  from space 81408K, 99% used [0x00000007b9480000,0x00000007be3ff6b0,0x00000007be400000)
  to   space 129024K, 99% used [0x00000007c6080000,0x00000007cde7f1f0,0x00000007cde80000)
 ParOldGen       total 306176K, used 268936K [0x0000000700a00000, 0x0000000713500000, 0x00000007aae00000)
  object space 306176K, 87% used [0x0000000700a00000,0x00000007110a2238,0x0000000713500000)
 PSPermGen       total 35328K, used 17546K [0x00000006fb800000, 0x00000006fda80000, 0x0000000700a00000)
  object space 35328K, 49% used [0x00000006fb800000,0x00000006fc922870,0x00000006fda80000)
GC Heap History (10 events):
Event: 8.969 GC heap after
Heap after GC invocations=4 (full 0):
 PSYoungGen      total 142848K, used 10720K [0x00000007aae00000, 0x00000007b4400000, 0x0000000800000000)
  eden space 132096K, 0% used [0x00000007aae00000,0x00000007aae00000,0x00000007b2f00000)
  from space 10752K, 99% used [0x00000007b3980000,0x00000007b43f8398,0x00000007b4400000)
  to   space 10752K, 0% used [0x00000007b2f00000,0x00000007b2f00000,0x00000007b3980000)
 ParOldGen       total 174080K, used 81914K [0x0000000700a00000, 0x000000070b400000, 0x00000007aae00000)
  object space 174080K, 47% used [0x0000000700a00000,0x00000007059febc8,0x000000070b400000)
 PSPermGen       total 21504K, used 17552K [0x00000006fb800000, 0x00000006fcd00000, 0x0000000700a00000)
  object space 21504K, 81% used [0x00000006fb800000,0x00000006fc924028,0x00000006fcd00000)
}
Event: 9.539 GC heap before
{Heap before GC invocations=5 (full 0):
 PSYoungGen      total 142848K, used 142816K [0x00000007aae00000, 0x00000007b4400000, 0x0000000800000000)
  eden space 132096K, 100% used [0x00000007aae00000,0x00000007b2f00000,0x00000007b2f00000)
  from space 10752K, 99% used [0x00000007b3980000,0x00000007b43f8398,0x00000007b4400000)
  to   space 10752K, 0% used [0x00000007b2f00000,0x00000007b2f00000,0x00000007b3980000)
 ParOldGen       total 174080K, used 81914K [0x0000000700a00000, 0x000000070b400000, 0x00000007aae00000)
  object space 174080K, 47% used [0x0000000700a00000,0x00000007059febc8,0x000000070b400000)
 PSPermGen       total 21504K, used 17552K [0x00000006fb800000, 0x00000006fcd00000, 0x0000000700a00000)
  object space 21504K, 81% used [0x00000006fb800000,0x00000006fc924028,0x00000006fcd00000)
Event: 9.589 GC heap after
Heap after GC invocations=5 (full 0):
 PSYoungGen      total 142848K, used 10740K [0x00000007aae00000, 0x00000007c4400000, 0x0000000800000000)
  eden space 132096K, 0% used [0x00000007aae00000,0x00000007aae00000,0x00000007b2f00000)
  from space 10752K, 99% used [0x00000007b2f00000,0x00000007b397d170,0x00000007b3980000)
  to   space 75776K, 0% used [0x00000007bfa00000,0x00000007bfa00000,0x00000007c4400000)
 ParOldGen       total 174080K, used 140354K [0x0000000700a00000, 0x000000070b400000, 0x00000007aae00000)
  object space 174080K, 80% used [0x0000000700a00000,0x0000000709310bc8,0x000000070b400000)
 PSPermGen       total 21504K, used 17552K [0x00000006fb800000, 0x00000006fcd00000, 0x0000000700a00000)
  object space 21504K, 81% used [0x00000006fb800000,0x00000006fc924028,0x00000006fcd00000)
}
Event: 9.589 GC heap before
{Heap before GC invocations=6 (full 1):
 PSYoungGen      total 142848K, used 10740K [0x00000007aae00000, 0x00000007c4400000, 0x0000000800000000)
  eden space 132096K, 0% used [0x00000007aae00000,0x00000007aae00000,0x00000007b2f00000)
  from space 10752K, 99% used [0x00000007b2f00000,0x00000007b397d170,0x00000007b3980000)
  to   space 75776K, 0% used [0x00000007bfa00000,0x00000007bfa00000,0x00000007c4400000)
 ParOldGen       total 174080K, used 140354K [0x0000000700a00000, 0x000000070b400000, 0x00000007aae00000)
  object space 174080K, 80% used [0x0000000700a00000,0x0000000709310bc8,0x000000070b400000)
 PSPermGen       total 21504K, used 17552K [0x00000006fb800000, 0x00000006fcd00000, 0x0000000700a00000)
  object space 21504K, 81% used [0x00000006fb800000,0x00000006fc924028,0x00000006fcd00000)
Event: 10.068 GC heap after
Heap after GC invocations=6 (full 1):
 PSYoungGen      total 142848K, used 0K [0x00000007aae00000, 0x00000007c4400000, 0x0000000800000000)
  eden space 132096K, 0% used [0x00000007aae00000,0x00000007aae00000,0x00000007b2f00000)
  from space 10752K, 0% used [0x00000007b2f00000,0x00000007b2f00000,0x00000007b3980000)
  to   space 75776K, 0% used [0x00000007bfa00000,0x00000007bfa00000,0x00000007c4400000)
 ParOldGen       total 306176K, used 146312K [0x0000000700a00000, 0x0000000713500000, 0x00000007aae00000)
  object space 306176K, 47% used [0x0000000700a00000,0x00000007098e2238,0x0000000713500000)
 PSPermGen       total 35328K, used 17546K [0x00000006fb800000, 0x00000006fda80000, 0x0000000700a00000)
  object space 35328K, 49% used [0x00000006fb800000,0x00000006fc922870,0x00000006fda80000)
}
Event: 10.624 GC heap before
{Heap before GC invocations=7 (full 1):
 PSYoungGen      total 142848K, used 132096K [0x00000007aae00000, 0x00000007c4400000, 0x0000000800000000)
  eden space 132096K, 100% used [0x00000007aae00000,0x00000007b2f00000,0x00000007b2f00000)
  from space 10752K, 0% used [0x00000007b2f00000,0x00000007b2f00000,0x00000007b3980000)
  to   space 75776K, 0% used [0x00000007bfa00000,0x00000007bfa00000,0x00000007c4400000)
 ParOldGen       total 306176K, used 146312K [0x0000000700a00000, 0x0000000713500000, 0x00000007aae00000)
  object space 306176K, 47% used [0x0000000700a00000,0x00000007098e2238,0x0000000713500000)
 PSPermGen       total 35328K, used 17546K [0x00000006fb800000, 0x00000006fda80000, 0x0000000700a00000)
  object space 35328K, 49% used [0x00000006fb800000,0x00000006fc922870,0x00000006fda80000)
Event: 10.654 GC heap after
Heap after GC invocations=7 (full 1):
 PSYoungGen      total 261632K, used 58547K [0x00000007aae00000, 0x00000007c3380000, 0x0000000800000000)
  eden space 202752K, 0% used [0x00000007aae00000,0x00000007aae00000,0x00000007b7400000)
  from space 58880K, 99% used [0x00000007bfa00000,0x00000007c332cf30,0x00000007c3380000)
  to   space 81408K, 0% used [0x00000007b9480000,0x00000007b9480000,0x00000007be400000)
 ParOldGen       total 306176K, used 146312K [0x0000000700a00000, 0x0000000713500000, 0x00000007aae00000)
  object space 306176K, 47% used [0x0000000700a00000,0x00000007098e2238,0x0000000713500000)
 PSPermGen       total 35328K, used 17546K [0x00000006fb800000, 0x00000006fda80000, 0x0000000700a00000)
  object space 35328K, 49% used [0x00000006fb800000,0x00000006fc922870,0x00000006fda80000)
}
Event: 11.524 GC heap before
{Heap before GC invocations=8 (full 1):
 PSYoungGen      total 261632K, used 261299K [0x00000007aae00000, 0x00000007c3380000, 0x0000000800000000)
  eden space 202752K, 100% used [0x00000007aae00000,0x00000007b7400000,0x00000007b7400000)
  from space 58880K, 99% used [0x00000007bfa00000,0x00000007c332cf30,0x00000007c3380000)
  to   space 81408K, 0% used [0x00000007b9480000,0x00000007b9480000,0x00000007be400000)
 ParOldGen       total 306176K, used 146312K [0x0000000700a00000, 0x0000000713500000, 0x00000007aae00000)
  object space 306176K, 47% used [0x0000000700a00000,0x00000007098e2238,0x0000000713500000)
 PSPermGen       total 35328K, used 17546K [0x00000006fb800000, 0x00000006fda80000, 0x0000000700a00000)
  object space 35328K, 49% used [0x00000006fb800000,0x00000006fc922870,0x00000006fda80000)
Event: 11.595 GC heap after
Heap after GC invocations=8 (full 1):
 PSYoungGen      total 317440K, used 81405K [0x00000007aae00000, 0x00000007cde80000, 0x0000000800000000)
  eden space 236032K, 0% used [0x00000007aae00000,0x00000007aae00000,0x00000007b9480000)
  from space 81408K, 99% used [0x00000007b9480000,0x00000007be3ff6b0,0x00000007be400000)
  to   space 129024K, 0% used [0x00000007c6080000,0x00000007c6080000,0x00000007cde80000)
 ParOldGen       total 306176K, used 212808K [0x0000000700a00000, 0x0000000713500000, 0x00000007aae00000)
  object space 306176K, 69% used [0x0000000700a00000,0x000000070d9d2238,0x0000000713500000)
 PSPermGen       total 35328K, used 17546K [0x00000006fb800000, 0x00000006fda80000, 0x0000000700a00000)
  object space 35328K, 49% used [0x00000006fb800000,0x00000006fc922870,0x00000006fda80000)
}
Event: 12.603 GC heap before
{Heap before GC invocations=9 (full 1):
 PSYoungGen      total 317440K, used 317437K [0x00000007aae00000, 0x00000007cde80000, 0x0000000800000000)
  eden space 236032K, 100% used [0x00000007aae00000,0x00000007b9480000,0x00000007b9480000)
  from space 81408K, 99% used [0x00000007b9480000,0x00000007be3ff6b0,0x00000007be400000)
  to   space 129024K, 0% used [0x00000007c6080000,0x00000007c6080000,0x00000007cde80000)
 ParOldGen       total 306176K, used 212808K [0x0000000700a00000, 0x0000000713500000, 0x00000007aae00000)
  object space 306176K, 69% used [0x0000000700a00000,0x000000070d9d2238,0x0000000713500000)
 PSPermGen       total 35328K, used 17546K [0x00000006fb800000, 0x00000006fda80000, 0x0000000700a00000)
  object space 35328K, 49% used [0x00000006fb800000,0x00000006fc922870,0x00000006fda80000)

